<?xml version="1.0" encoding="UTF-8"?>
<!-- Generated by org.testng.reporters.JUnitReportReporter -->
<testsuite hostname="HODT-18" failures="0" tests="1" name="AppTest" time="23.647" errors="0" timestamp="2024-08-08T09:23:12 IST" skipped="0">
  <testcase classname="AppTest" name="dailyworkdone" time="23.647"/>
</testsuite> <!-- AppTest -->
