<?xml version="1.0" encoding="UTF-8"?>
<!-- Generated by org.testng.reporters.JUnitReportReporter -->
<testsuite hostname="HOIS-118" failures="0" tests="3" name="LoginTest" time="28.273" errors="0" timestamp="2024-08-27T16:19:09 IST" skipped="0">
  <testcase classname="LoginTest" name="Login" time="3.209"/>
  <testcase classname="LoginTest" name="addEdit" time="3.046"/>
  <testcase classname="LoginTest" name="Patient" time="22.018"/>
</testsuite> <!-- LoginTest -->
